<?xml version="1.0" encoding="UTF-8"?>
<testng-results ignored="0" total="1" passed="1" failed="0" skipped="0">
  <reporter-output>
  </reporter-output>
  <suite started-at="2024-07-14T12:22:34 IST" name="Default suite" finished-at="2024-07-14T12:22:47 IST" duration-ms="12663">
    <groups>
      <group name="cucumber">
        <method signature="AbstractTestNGCucumberTests.runScenario(io.cucumber.testng.PickleWrapper,io.cucumber.testng.FeatureWrapper)[pri:0, instance:CucumberRunnerPage.CucumberRunner@515c6049]" name="runScenario" class="io.cucumber.testng.AbstractTestNGCucumberTests"/>
      </group> <!-- cucumber -->
    </groups>
    <test started-at="2024-07-14T12:22:34 IST" name="Default test" finished-at="2024-07-14T12:22:47 IST" duration-ms="12663">
      <class name="CucumberRunnerPage.CucumberRunner">
        <test-method is-config="true" signature="setUpClass(org.testng.ITestContext)[pri:0, instance:CucumberRunnerPage.CucumberRunner@515c6049]" started-at="2024-07-14T12:22:34 IST" name="setUpClass" finished-at="2024-07-14T12:22:35 IST" duration-ms="903" status="PASS">
          <params>
            <param index="0">
              <value>
                <![CDATA[org.testng.TestRunner@43aeb5e0]]>
              </value>
            </param>
          </params>
          <reporter-output>
          </reporter-output>
        </test-method> <!-- setUpClass -->
        <test-method signature="runScenario(io.cucumber.testng.PickleWrapper,io.cucumber.testng.FeatureWrapper)[pri:0, instance:CucumberRunnerPage.CucumberRunner@515c6049]" started-at="2024-07-14T12:22:35 IST" name="runScenario" description="Runs Cucumber Scenarios" data-provider="scenarios" finished-at="2024-07-14T12:22:46 IST" duration-ms="11402" status="PASS">
          <params>
            <param index="0">
              <value>
                <![CDATA["BrowserWindows"]]>
              </value>
            </param>
            <param index="1">
              <value>
                <![CDATA["Demo QA Tiles"]]>
              </value>
            </param>
          </params>
          <reporter-output>
          </reporter-output>
        </test-method> <!-- runScenario -->
        <test-method is-config="true" signature="tearDownClass()[pri:0, instance:CucumberRunnerPage.CucumberRunner@515c6049]" started-at="2024-07-14T12:22:46 IST" name="tearDownClass" finished-at="2024-07-14T12:22:47 IST" duration-ms="272" status="PASS">
          <reporter-output>
          </reporter-output>
        </test-method> <!-- tearDownClass -->
      </class> <!-- CucumberRunnerPage.CucumberRunner -->
    </test> <!-- Default test -->
  </suite> <!-- Default suite -->
</testng-results>
